<?xml version="1.0" encoding="UTF-8"?>
<!-- Generated by org.testng.reporters.JUnitReportReporter -->
<testsuite hostname="sonulal" failures="0" tests="1" name="test.Bclogintest" time="226.545" errors="0" timestamp="2024-08-20T19:29:12 IST" skipped="0">
  <testcase classname="test.Bclogintest" name="testlogin" time="226.545"/>
  <system-out/>
</testsuite> <!-- test.Bclogintest -->
