<?xml version="1.0" encoding="UTF-8"?>
<!-- Generated by org.testng.reporters.JUnitReportReporter -->
<testsuite hostname="sonulal" failures="0" tests="1" name="test.Verppdtsearchtest" time="37.853" errors="0" timestamp="2024-08-23T19:35:07 IST" skipped="0">
  <testcase classname="test.Verppdtsearchtest" name="test1" time="37.853"/>
  <system-out/>
</testsuite> <!-- test.Verppdtsearchtest -->
