<?xml version="1.0" encoding="UTF-8"?>
<!-- Generated by org.testng.reporters.JUnitReportReporter -->
<testsuite hostname="sonulal" failures="0" tests="2" name="test.Verishoplogintest" time="14.165" errors="0" timestamp="2024-08-23T19:37:14 IST" skipped="0">
  <testcase classname="test.Verishoplogintest" name="signuptest" time="8.912"/>
  <system-out/>
  <testcase classname="test.Verishoplogintest" name="logintest" time="5.253"/>
  <system-out/>
</testsuite> <!-- test.Verishoplogintest -->
