<?xml version="1.0" encoding="UTF-8"?>
<!-- Generated by org.testng.reporters.JUnitReportReporter -->
<testsuite hostname="sonulal" failures="0" tests="1" name="test.Etsysignintest" time="40.011" errors="0" timestamp="2024-08-22T15:27:31 IST" skipped="0">
  <testcase classname="test.Etsysignintest" name="signintest" time="40.011"/>
  <system-out/>
</testsuite> <!-- test.Etsysignintest -->
