<?xml version="1.0" encoding="UTF-8"?>
<!-- Generated by org.testng.reporters.JUnitReportReporter -->
<testsuite hostname="sonulal" failures="0" tests="1" name="test.Etsyregistertest" time="44.161" errors="0" timestamp="2024-08-22T15:25:30 IST" skipped="0">
  <testcase classname="test.Etsyregistertest" name="test1" time="44.161"/>
  <system-out/>
</testsuite> <!-- test.Etsyregistertest -->
